<?xml version="1.0" encoding="UTF-8"?>
<!-- Generated by org.testng.reporters.JUnitReportReporter -->
<testsuite hostname="DESKTOP-7ECRDH4" failures="0" tests="1" name="com.testautomation.apitesting.tests.PostAPIRequest" time="18.151" errors="0" timestamp="2023-03-22T12:31:11 IST" skipped="0">
  <testcase classname="com.testautomation.apitesting.tests.PostAPIRequest" name="createBooking" time="18.151"/>
  <system-out/>
</testsuite> <!-- com.testautomation.apitesting.tests.PostAPIRequest -->
