<?xml version="1.0" encoding="UTF-8"?>
<!-- Generated by org.testng.reporters.JUnitReportReporter -->
<testsuite hostname="DESKTOP-7ECRDH4" failures="0" tests="1" name="com.testautomation.apitesting.tests.PatchAPIRequest" time="40.911" errors="0" timestamp="2023-03-26T19:17:19 IST" skipped="0">
  <testcase classname="com.testautomation.apitesting.tests.PatchAPIRequest" name="patchAPIRequest" time="40.911"/>
  <system-out/>
</testsuite> <!-- com.testautomation.apitesting.tests.PatchAPIRequest -->
