<?xml version="1.0" encoding="UTF-8"?>
<!-- Generated by org.testng.reporters.JUnitReportReporter -->
<testsuite skipped="0" hostname="DESKTOP-7ECRDH4" name="com.testautomation.apitesting.tests.EndToEndAPITest" tests="1" failures="0" timestamp="2023-03-27T20:07:32 IST" time="16.651" errors="0">
  <testcase name="e2eAPIRequest" time="16.651" classname="com.testautomation.apitesting.tests.EndToEndAPITest"/>
  <system-out/>
</testsuite> <!-- com.testautomation.apitesting.tests.EndToEndAPITest -->
